C:\Users\Rivalino\Desktop\FINALES\CoocurrenceMatrix\CoocurrenceMatrix\x64\Debug\cl.command.1.tlog
C:\Users\Rivalino\Desktop\FINALES\CoocurrenceMatrix\CoocurrenceMatrix\x64\Debug\CL.read.1.tlog
C:\Users\Rivalino\Desktop\FINALES\CoocurrenceMatrix\CoocurrenceMatrix\x64\Debug\CL.write.1.tlog
C:\USERS\RIVALINO\DESKTOP\FINALES\COOCURRENCEMATRIX\COOCURRENCEMATRIX\X64\DEBUG\COOCURRENCEMATRIX.EXE.INTERMEDIATE.MANIFEST
C:\USERS\RIVALINO\DESKTOP\FINALES\COOCURRENCEMATRIX\COOCURRENCEMATRIX\X64\DEBUG\IMAGE.OBJ
C:\Users\Rivalino\Desktop\FINALES\CoocurrenceMatrix\CoocurrenceMatrix\x64\Debug\link.command.1.tlog
C:\Users\Rivalino\Desktop\FINALES\CoocurrenceMatrix\CoocurrenceMatrix\x64\Debug\link.read.1.tlog
C:\Users\Rivalino\Desktop\FINALES\CoocurrenceMatrix\CoocurrenceMatrix\x64\Debug\link.write.1.tlog
C:\Users\Rivalino\Desktop\FINALES\CoocurrenceMatrix\CoocurrenceMatrix\x64\Debug\main.cu.cache
C:\Users\Rivalino\Desktop\FINALES\CoocurrenceMatrix\CoocurrenceMatrix\x64\Debug\main.cu.obj
C:\Users\Rivalino\Desktop\FINALES\CoocurrenceMatrix\CoocurrenceMatrix\x64\Debug\mt.command.1.tlog
C:\Users\Rivalino\Desktop\FINALES\CoocurrenceMatrix\CoocurrenceMatrix\x64\Debug\mt.read.1.tlog
C:\Users\Rivalino\Desktop\FINALES\CoocurrenceMatrix\CoocurrenceMatrix\x64\Debug\mt.write.1.tlog
C:\USERS\RIVALINO\DESKTOP\FINALES\COOCURRENCEMATRIX\COOCURRENCEMATRIX\X64\DEBUG\SCM.OBJ
C:\Users\Rivalino\Desktop\FINALES\CoocurrenceMatrix\CoocurrenceMatrix\x64\Debug\SCM_GPU.cu.cache
C:\Users\Rivalino\Desktop\FINALES\CoocurrenceMatrix\CoocurrenceMatrix\x64\Debug\SCM_GPU.cu.obj
C:\Users\Rivalino\Desktop\FINALES\CoocurrenceMatrix\CoocurrenceMatrix\x64\Debug\vc100.idb
C:\USERS\RIVALINO\DESKTOP\FINALES\COOCURRENCEMATRIX\COOCURRENCEMATRIX\X64\DEBUG\VC100.PDB
C:\USERS\RIVALINO\DESKTOP\FINALES\COOCURRENCEMATRIX\X64\DEBUG\COOCURRENCEMATRIX.EXE
C:\USERS\RIVALINO\DESKTOP\FINALES\COOCURRENCEMATRIX\X64\DEBUG\COOCURRENCEMATRIX.ILK
C:\USERS\RIVALINO\DESKTOP\FINALES\COOCURRENCEMATRIX\X64\DEBUG\COOCURRENCEMATRIX.PDB
